Arguments: 
  C:\Program Files\nodejs\node.exe C:\Program Files (x86)\Yarn\bin\yarn.js set version stable

PATH: 
  C:\Program Files\PowerShell\7;C:\Users\Chad Specter\AppData\Local\cloud-code\installer\google-cloud-sdk\bin;C:\Program Files (x86)\CSR\BlueSuite 2.5.8\DFU Tools;C:\Python39\Scripts\;C:\Python39\;c:\program files\graphicsmagick-1.3.35-q16;C:\Program Files (x86)\Common Files\Intel\Shared Libraries\redist\intel64_win\compiler;C:\Program Files (x86)\Common Files\Intel\Shared Libraries\redist\intel64\compiler;C:\Program Files\Oculus\Support\oculus-runtime;C:\Program Files (x86)\Common Files\Oracle\Java\javapath;C:\ProgramData\Oracle\Java\javapath;C:\Program Files (x86)\Intel\iCLS Client\;C:\Program Files\Intel\iCLS Client\;C:\Program Files (x86)\AMD APP\bin\x86_64;C:\Program Files (x86)\AMD APP\bin\x86;C:\Program Files (x86)\Common Files\Microsoft Shared\Windows Live;C:\WINDOWS\system32;C:\WINDOWS;C:\WINDOWS\System32\Wbem;C:\WINDOWS\System32\WindowsPowerShell\v1.0\;C:\Program Files (x86)\ATI Technologies\ATI.ACE\Core-Static;C:\Program Files (x86)\Common Files\Acronis\SnapAPI\;C:\Program Files\Intel\WiFi\bin\;C:\Program Files\Common Files\Intel\WirelessCommon\;C:\Program Files (x86)\NVIDIA Corporation\PhysX\Common;C:\Program Files\010 Editor;C:\WINDOWS\System32\OpenSSH\;C:\Program Files\NVIDIA Corporation\NVIDIA NvDLISR;C:\Program Files\WorldPainter;C:\ProgramData\chocolatey\bin;C:\Program Files (x86)\Yarn\bin\;C:\Program Files\dotnet\;C:\Program Files\ExifTool;C:\Program Files\Amazon\AWSCLIV2\;C:\Program Files\Git\cmd;C:\Program Files (x86)\Google\Cloud SDK\google-cloud-sdk\bin;C:\Program Files\PowerShell\7\;C:\WINDOWS\system32;C:\WINDOWS;C:\WINDOWS\System32\Wbem;C:\WINDOWS\System32\WindowsPowerShell\v1.0\;C:\WINDOWS\System32\OpenSSH\;C:\Program Files\nodejs\;C:\Program Files\Common Files\Microsoft Shared\Windows Live;C:\Program Files\Intel\WiFi\bin\;C:\Program Files\Common Files\Intel\WirelessCommon\;C:\Users\Chad Specter\AppData\Local\Microsoft\WindowsApps;C:\Users\Chad Specter\AppData\Local\GitHubDesktop\bin;C:\Users\Chad Specter\AppData\Local\Microsoft\WindowsApps;C:\Users\Chad Specter\AppData\Local\Programs\Microsoft VS Code\bin;C:\Users\Chad Specter\AppData\Local\Yarn\bin;C:\Users\Chad Specter\.dotnet\tools;C:\Program Files\Dolt\\bin;C:\Android\SDK\platform-tools;C:\Users\Chad Specter\AppData\Roaming\npm

Yarn version: 
  1.22.5

Node version: 
  16.13.1

Platform: 
  win32 x64

Trace: 
  Error: Release not found: stable
      at C:\Program Files (x86)\Yarn\lib\cli.js:86219:17
      at Generator.next (<anonymous>)
      at step (C:\Program Files (x86)\Yarn\lib\cli.js:310:30)
      at C:\Program Files (x86)\Yarn\lib\cli.js:321:13
      at processTicksAndRejections (node:internal/process/task_queues:96:5)

npm manifest: 
  {
    "name": "directus-extensions",
    "version": "0.0.1",
    "description": "Various extensions for Directus 9.0",
    "main": "index.js",
    "license": "MIT"
  }

yarn manifest: 
  No manifest

Lockfile: 
  No lockfile
